2025-03-21 07:54:48 INFO  junittests.saucelabstests - Test 1
2025-03-21 07:58:32 INFO  junittests.saucelabstests - Test 1
2025-03-21 07:58:51 INFO  junittests.saucelabstests - Test 1
2025-03-21 07:59:30 INFO  junittests.saucelabstests - Test 1
2025-03-21 08:00:04 INFO  junittests.saucelabstests - Test 1
2025-03-21 08:00:20 INFO  junittests.saucelabstests - Test 1
2025-03-21 08:00:58 INFO  junittests.saucelabstests - Setting up tests
2025-03-21 08:01:00 INFO  junittests.saucelabstests - Test 1
2025-03-21 08:01:01 INFO  junittests.saucelabstests - Setting up tests
2025-03-21 08:01:02 INFO  junittests.saucelabstests - Setting up tests
2025-03-21 08:01:39 INFO  junittests.saucelabstests - Setting up test
2025-03-21 08:01:39 INFO  junittests.saucelabstests - Test 1
2025-03-21 08:01:39 INFO  junittests.saucelabstests - Tearing down test
2025-03-21 08:01:39 INFO  junittests.saucelabstests - Setting up test
2025-03-21 08:01:39 INFO  junittests.saucelabstests - Tearing down test
2025-03-21 08:01:39 INFO  junittests.saucelabstests - Setting up test
2025-03-21 08:01:39 INFO  junittests.saucelabstests - Tearing down test
2025-03-21 08:02:08 INFO  junittests.saucelabstests - Setting up test
2025-03-21 08:02:08 INFO  junittests.saucelabstests - Test 1
2025-03-21 08:02:08 INFO  junittests.saucelabstests - Tearing down test
2025-03-21 08:02:08 INFO  junittests.saucelabstests - Setting up test
2025-03-21 08:02:08 INFO  junittests.saucelabstests - Test 2
2025-03-21 08:02:08 INFO  junittests.saucelabstests - Tearing down test
2025-03-21 08:02:08 INFO  junittests.saucelabstests - Setting up test
2025-03-21 08:02:08 INFO  junittests.saucelabstests - Test 3
2025-03-21 08:02:08 INFO  junittests.saucelabstests - Tearing down test
2025-03-21 08:05:21 INFO  junittests.saucelabstests - Setting up test
2025-03-21 08:05:21 INFO  junittests.saucelabstests - Test 1
2025-03-21 08:05:21 INFO  junittests.saucelabstests - Tearing down test
2025-03-21 08:05:21 INFO  junittests.saucelabstests - Setting up test
2025-03-21 08:05:21 INFO  junittests.saucelabstests - Test 2
2025-03-21 08:05:21 INFO  junittests.saucelabstests - Tearing down test
2025-03-21 08:05:21 INFO  junittests.saucelabstests - Setting up test
2025-03-21 08:05:21 INFO  junittests.saucelabstests - Test 3
2025-03-21 08:05:21 INFO  junittests.saucelabstests - Tearing down test
2025-03-25 18:03:22 DEBUG org.testng.TestNG - suiteXmlPath: "/Users/baba/Documents/GitHub/2025-Selenium/seleniumtraining/config/crossbrowser-runner.xml"
2025-03-25 18:03:23 INFO  org.testng.internal.Utils - [TestNG] Running:
  /Users/baba/Documents/GitHub/2025-Selenium/seleniumtraining/config/crossbrowser-runner.xml

2025-03-26 06:19:35 INFO  saucelabs.SauceLabsShoppingDP - Login successful for user: standard_user
2025-03-26 06:19:46 INFO  saucelabs.SauceLabsShoppingDP - Login successful for user: problem_user
2025-03-26 06:20:02 INFO  saucelabs.SauceLabsShoppingDP - Login successful for user: performance_glitch_user
2025-03-26 06:20:12 INFO  saucelabs.SauceLabsShoppingDP - Login successful for user: error_user
2025-03-26 06:20:23 INFO  saucelabs.SauceLabsShoppingDP - Login successful for user: visual_user
2025-03-26 06:32:02 DEBUG org.testng.TestNG - suiteXmlPath: "/Users/baba/Documents/GitHub/2025-Selenium/seleniumtraining/config/crossbrowser-runner.xml"
2025-03-26 06:32:03 INFO  org.testng.internal.Utils - [TestNG] Running:
  /Users/baba/Documents/GitHub/2025-Selenium/seleniumtraining/config/crossbrowser-runner.xml

2025-04-04 06:20:33 INFO  saucelabs.SauceLabsShoppingDP - Login successful for user: standard_user
2025-04-04 06:20:44 INFO  saucelabs.SauceLabsShoppingDP - Login successful for user: problem_user
2025-04-04 06:20:59 INFO  saucelabs.SauceLabsShoppingDP - Login successful for user: performance_glitch_user
2025-04-04 06:21:10 INFO  saucelabs.SauceLabsShoppingDP - Login successful for user: error_user
2025-04-04 06:21:21 INFO  saucelabs.SauceLabsShoppingDP - Login successful for user: visual_user
2025-04-04 06:31:05 INFO  saucelabs.SauceLabsShoppingDP - Login successful for user: standard_user
2025-04-04 06:31:16 INFO  saucelabs.SauceLabsShoppingDP - Login successful for user: problem_user
2025-04-04 06:31:32 INFO  saucelabs.SauceLabsShoppingDP - Login successful for user: performance_glitch_user
2025-04-04 06:31:42 INFO  saucelabs.SauceLabsShoppingDP - Login successful for user: error_user
2025-04-04 06:31:53 INFO  saucelabs.SauceLabsShoppingDP - Login successful for user: visual_user
2025-04-04 06:33:46 INFO  saucelabs.SauceLabsShoppingDP - Login successful for user: standard_user
2025-04-04 06:33:57 INFO  saucelabs.SauceLabsShoppingDP - Login successful for user: problem_user
2025-04-04 06:34:13 INFO  saucelabs.SauceLabsShoppingDP - Login successful for user: performance_glitch_user
2025-04-04 06:34:23 INFO  saucelabs.SauceLabsShoppingDP - Login successful for user: error_user
2025-04-04 06:34:34 INFO  saucelabs.SauceLabsShoppingDP - Login successful for user: visual_user
2025-04-04 06:34:34 DEBUG saucelabs.SauceLabsShoppingDP - Driver quit
2025-04-04 06:37:28 INFO  saucelabs.SauceLabsShoppingDP - swagLabsLoginFunctionality() --> Login successful for user: standard_user
2025-04-04 06:37:39 INFO  saucelabs.SauceLabsShoppingDP - swagLabsLoginFunctionality() --> Login successful for user: problem_user
2025-04-04 06:37:54 INFO  saucelabs.SauceLabsShoppingDP - swagLabsLoginFunctionality() --> Login successful for user: performance_glitch_user
2025-04-04 06:38:05 INFO  saucelabs.SauceLabsShoppingDP - swagLabsLoginFunctionality() --> Login successful for user: error_user
2025-04-04 06:38:15 INFO  saucelabs.SauceLabsShoppingDP - swagLabsLoginFunctionality() --> Login successful for user: visual_user
2025-04-04 06:38:15 DEBUG saucelabs.SauceLabsShoppingDP - driverQuit() --> We're quitting WebDriver
2025-04-04 06:42:53 ERROR saucelabs.SauceLabsShoppingDP - swagLabsLoginFunctionality() --> 
2025-04-04 06:46:01 WARN  saucelabs.SauceLabsShoppingDP - swagLabsLoginFunctionality() --> 
2025-04-04 06:46:01 ERROR saucelabs.SauceLabsShoppingDP - swagLabsLoginFunctionality() --> 
2025-04-07 06:53:15 INFO  saucelabs.SauceLabsShoppingDP - SauceLabsShoppingDP
2025-04-07 06:53:30 INFO  saucelabs.SauceLabsShoppingDP - swagLabsLoginFunctionality() --> Login successful for user: standard_user
2025-04-07 06:53:41 INFO  saucelabs.SauceLabsShoppingDP - swagLabsLoginFunctionality() --> Login successful for user: problem_user
2025-04-07 06:53:56 INFO  saucelabs.SauceLabsShoppingDP - swagLabsLoginFunctionality() --> Login successful for user: performance_glitch_user
2025-04-07 06:54:07 INFO  saucelabs.SauceLabsShoppingDP - swagLabsLoginFunctionality() --> Login successful for user: error_user
2025-04-07 06:54:18 INFO  saucelabs.SauceLabsShoppingDP - swagLabsLoginFunctionality() --> Login successful for user: visual_user
2025-04-07 06:54:18 DEBUG saucelabs.SauceLabsShoppingDP - driverQuit() --> We're quitting WebDriver
2025-04-07 07:06:27 INFO  saucelabs.SauceLabsShoppingDP - SauceLabsShoppingDP
2025-04-07 07:06:41 INFO  saucelabs.SauceLabsShoppingDP - swagLabsLoginFunctionality() --> Login successful for user: standard_user
2025-04-07 07:06:52 INFO  saucelabs.SauceLabsShoppingDP - swagLabsLoginFunctionality() --> Login successful for user: problem_user
2025-04-07 07:07:08 INFO  saucelabs.SauceLabsShoppingDP - swagLabsLoginFunctionality() --> Login successful for user: performance_glitch_user
2025-04-07 07:07:18 INFO  saucelabs.SauceLabsShoppingDP - swagLabsLoginFunctionality() --> Login successful for user: error_user
2025-04-07 07:07:29 INFO  saucelabs.SauceLabsShoppingDP - swagLabsLoginFunctionality() --> Login successful for user: visual_user
2025-04-07 07:07:29 DEBUG saucelabs.SauceLabsShoppingDP - driverQuit() --> We're quitting WebDriver
2025-04-07 07:31:46 DEBUG org.testng.TestNG - suiteXmlPath: "/Users/baba/Documents/GitHub/2025-Selenium/seleniumtraining/config/crossbrowser-runner.xml"
2025-04-07 07:31:47 INFO  org.testng.internal.Utils - [TestNG] Running:
  /Users/baba/Documents/GitHub/2025-Selenium/seleniumtraining/config/crossbrowser-runner.xml

2025-04-08 22:27:55 DEBUG org.testng.TestNG - suiteXmlPath: "/Users/baba/Documents/GitHub/2025-Selenium/seleniumtraining/config/crossbrowser-runner.xml"
2025-04-08 22:27:55 INFO  org.testng.internal.Utils - [TestNG] Running:
  /Users/baba/Documents/GitHub/2025-Selenium/seleniumtraining/config/crossbrowser-runner.xml

2025-04-08 22:30:15 DEBUG org.testng.TestNG - suiteXmlPath: "/Users/baba/Documents/GitHub/2025-Selenium/seleniumtraining/config/crossbrowser-runner.xml"
2025-04-08 22:30:15 INFO  org.testng.internal.Utils - [TestNG] Running:
  /Users/baba/Documents/GitHub/2025-Selenium/seleniumtraining/config/crossbrowser-runner.xml

2025-04-08 22:39:18 DEBUG org.testng.TestNG - suiteXmlPath: "/Users/baba/Documents/GitHub/2025-Selenium/seleniumtraining/config/crossbrowser-runner.xml"
2025-04-08 22:39:19 INFO  org.testng.internal.Utils - [TestNG] Running:
  /Users/baba/Documents/GitHub/2025-Selenium/seleniumtraining/config/crossbrowser-runner.xml

2025-04-08 22:41:32 DEBUG org.testng.TestNG - suiteXmlPath: "/Users/baba/Documents/GitHub/2025-Selenium/seleniumtraining/config/crossbrowser-runner.xml"
2025-04-08 22:41:33 INFO  org.testng.internal.Utils - [TestNG] Running:
  /Users/baba/Documents/GitHub/2025-Selenium/seleniumtraining/config/crossbrowser-runner.xml

